<?xml version="1.0" encoding="UTF-8"?>
<testng-results ignored="0" total="1" passed="1" failed="0" skipped="0">
  <reporter-output>
  </reporter-output>
  <suite started-at="2022-09-16T12:32:54 IST" name="Com.InetBankingProject" finished-at="2022-09-16T12:33:24 IST" duration-ms="30000">
    <groups>
    </groups>
    <test started-at="2022-09-16T12:32:54 IST" name="BankingApp Test" finished-at="2022-09-16T12:33:24 IST" duration-ms="30000">
      <class name="com.inetbanking.testCase.TC_LoginTest_001">
        <test-method is-config="true" signature="SetUp(java.lang.String)[pri:0, instance:com.inetbanking.testCase.TC_LoginTest_001@5acf93bb]" started-at="2022-09-16T12:32:54 IST" name="SetUp" finished-at="2022-09-16T12:32:57 IST" duration-ms="2815" status="PASS">
          <params>
            <param index="0">
              <value>
                <![CDATA[chrome]]>
              </value>
            </param>
          </params>
          <reporter-output>
          </reporter-output>
        </test-method> <!-- SetUp -->
        <test-method signature="LoginTest()[pri:0, instance:com.inetbanking.testCase.TC_LoginTest_001@5acf93bb]" started-at="2022-09-16T12:32:57 IST" name="LoginTest" finished-at="2022-09-16T12:33:23 IST" duration-ms="25979" status="PASS">
          <reporter-output>
          </reporter-output>
        </test-method> <!-- LoginTest -->
        <test-method is-config="true" signature="TearDown()[pri:0, instance:com.inetbanking.testCase.TC_LoginTest_001@5acf93bb]" started-at="2022-09-16T12:33:23 IST" name="TearDown" finished-at="2022-09-16T12:33:24 IST" duration-ms="1170" status="PASS">
          <reporter-output>
          </reporter-output>
        </test-method> <!-- TearDown -->
      </class> <!-- com.inetbanking.testCase.TC_LoginTest_001 -->
    </test> <!-- BankingApp Test -->
  </suite> <!-- Com.InetBankingProject -->
</testng-results>
